2025-04-04 02:12:18.510140 - Received CBT.V508.FILE024.PDS from FILE024.XMI 
2025-04-04 02:12:18.512436 - Found $$$#DATE.txt (text/plain) in CBT.V508.FILE024.PDS, moved to PDS/$$$#DATE
2025-04-04 02:12:18.512614 - Found $$DOC.txt (text/plain) in CBT.V508.FILE024.PDS, moved to PDS/$$DOC
2025-04-04 02:12:18.512749 - Found @FILE024.txt (text/plain) in CBT.V508.FILE024.PDS, moved to PDS/@FILE024
2025-04-04 02:12:18.512875 - Found APUT.txt (text/plain) in CBT.V508.FILE024.PDS, moved to PDS/APUT
2025-04-04 02:12:18.512993 - Found BXFER.txt (text/plain) in CBT.V508.FILE024.PDS, moved to PDS/BXFER
2025-04-04 02:12:18.513122 - Found CALL#.txt (text/plain) in CBT.V508.FILE024.PDS, moved to PDS/CALL#
2025-04-04 02:12:18.513247 - Found CPPL.txt (text/plain) in CBT.V508.FILE024.PDS, moved to PDS/CPPL
2025-04-04 02:12:18.513481 - Found CSPL.txt (text/plain) in CBT.V508.FILE024.PDS, moved to PDS/CSPL
2025-04-04 02:12:18.513655 - Found DATA#.txt (text/plain) in CBT.V508.FILE024.PDS, moved to PDS/DATA#
2025-04-04 02:12:18.513793 - Found DO.txt (text/plain) in CBT.V508.FILE024.PDS, moved to PDS/DO
2025-04-04 02:12:18.513935 - Found DOWHILE.txt (text/plain) in CBT.V508.FILE024.PDS, moved to PDS/DOWHILE
2025-04-04 02:12:18.514057 - Found DOWHLOR.txt (text/plain) in CBT.V508.FILE024.PDS, moved to PDS/DOWHLOR
2025-04-04 02:12:18.514198 - Found ELSE.txt (text/plain) in CBT.V508.FILE024.PDS, moved to PDS/ELSE
2025-04-04 02:12:18.514329 - Found END#.txt (text/plain) in CBT.V508.FILE024.PDS, moved to PDS/END#
2025-04-04 02:12:18.514532 - Found ENDDATA#.txt (text/plain) in CBT.V508.FILE024.PDS, moved to PDS/ENDDATA#
2025-04-04 02:12:18.514654 - Found ENDDO.txt (text/plain) in CBT.V508.FILE024.PDS, moved to PDS/ENDDO
2025-04-04 02:12:18.514768 - Found ENDIF.txt (text/plain) in CBT.V508.FILE024.PDS, moved to PDS/ENDIF
2025-04-04 02:12:18.514890 - Found ENTRE#.txt (text/plain) in CBT.V508.FILE024.PDS, moved to PDS/ENTRE#
2025-04-04 02:12:18.515012 - Found EOJ.txt (text/plain) in CBT.V508.FILE024.PDS, moved to PDS/EOJ
2025-04-04 02:12:18.515137 - Found EPUTL.txt (text/plain) in CBT.V508.FILE024.PDS, moved to PDS/EPUTL
2025-04-04 02:12:18.515249 - Found EXFER.txt (text/plain) in CBT.V508.FILE024.PDS, moved to PDS/EXFER
2025-04-04 02:12:18.515369 - Found EXIT#.txt (text/plain) in CBT.V508.FILE024.PDS, moved to PDS/EXIT#
2025-04-04 02:12:18.515490 - Found GENC.txt (text/plain) in CBT.V508.FILE024.PDS, moved to PDS/GENC
2025-04-04 02:12:18.515603 - Found IEXIT#.txt (text/plain) in CBT.V508.FILE024.PDS, moved to PDS/IEXIT#
2025-04-04 02:12:18.515721 - Found IF.txt (text/plain) in CBT.V508.FILE024.PDS, moved to PDS/IF
2025-04-04 02:12:18.515843 - Found IFOR.txt (text/plain) in CBT.V508.FILE024.PDS, moved to PDS/IFOR
2025-04-04 02:12:18.515997 - Found INIT#.txt (text/plain) in CBT.V508.FILE024.PDS, moved to PDS/INIT#
2025-04-04 02:12:18.516110 - Found INUSE.txt (text/plain) in CBT.V508.FILE024.PDS, moved to PDS/INUSE
2025-04-04 02:12:18.516227 - Found IOPL.txt (text/plain) in CBT.V508.FILE024.PDS, moved to PDS/IOPL
2025-04-04 02:12:18.516340 - Found JULDATE.txt (text/plain) in CBT.V508.FILE024.PDS, moved to PDS/JULDATE
2025-04-04 02:12:18.516451 - Found LDROP.txt (text/plain) in CBT.V508.FILE024.PDS, moved to PDS/LDROP
2025-04-04 02:12:18.516563 - Found LUSE.txt (text/plain) in CBT.V508.FILE024.PDS, moved to PDS/LUSE
2025-04-04 02:12:18.516678 - Found MAKEDAY.txt (text/plain) in CBT.V508.FILE024.PDS, moved to PDS/MAKEDAY
2025-04-04 02:12:18.516791 - Found REGS.txt (text/plain) in CBT.V508.FILE024.PDS, moved to PDS/REGS
2025-04-04 02:12:18.516897 - Found SEQCK.txt (text/plain) in CBT.V508.FILE024.PDS, moved to PDS/SEQCK
2025-04-04 02:12:18.517013 - Found SETREG.txt (text/plain) in CBT.V508.FILE024.PDS, moved to PDS/SETREG
2025-04-04 02:12:18.517124 - Found SMFID.txt (text/plain) in CBT.V508.FILE024.PDS, moved to PDS/SMFID
2025-04-04 02:12:18.517238 - Found SS#XFER.txt (text/plain) in CBT.V508.FILE024.PDS, moved to PDS/SS#XFER
2025-04-04 02:12:18.517354 - Found SS#XFR00.txt (text/plain) in CBT.V508.FILE024.PDS, moved to PDS/SS#XFR00
2025-04-04 02:12:18.517471 - Found SSXFR00.txt (text/plain) in CBT.V508.FILE024.PDS, moved to PDS/SSXFR00
2025-04-04 02:12:18.517582 - Found TSOENTER.txt (text/plain) in CBT.V508.FILE024.PDS, moved to PDS/TSOENTER
2025-04-04 02:12:18.517694 - Found TSOLEAVE.txt (text/plain) in CBT.V508.FILE024.PDS, moved to PDS/TSOLEAVE
2025-04-04 02:12:18.517808 - Found UNTIL.txt (text/plain) in CBT.V508.FILE024.PDS, moved to PDS/UNTIL
2025-04-04 02:12:18.517917 - Found UNTILOR.txt (text/plain) in CBT.V508.FILE024.PDS, moved to PDS/UNTILOR
2025-04-04 02:12:18.518025 - Found XABSM.txt (text/plain) in CBT.V508.FILE024.PDS, moved to PDS/XABSM
2025-04-04 02:12:18.518137 - Found XFERCPU.txt (text/plain) in CBT.V508.FILE024.PDS, moved to PDS/XFERCPU
2025-04-04 02:12:18.518251 - Found XFERDOC.txt (text/plain) in CBT.V508.FILE024.PDS, moved to PDS/XFERDOC
2025-04-04 02:12:18.518365 - Found XFERINST.txt (text/plain) in CBT.V508.FILE024.PDS, moved to PDS/XFERINST
2025-04-04 02:12:18.518473 - Found XFERJOB.jcl (text/plain) in CBT.V508.FILE024.PDS, moved to PDS/XFERJOB
2025-04-04 02:12:18.518599 - Found XFERUTIL.txt (text/plain) in CBT.V508.FILE024.PDS, moved to PDS/XFERUTIL
2025-04-04 02:12:18.518706 - Found XFERVOL.txt (text/plain) in CBT.V508.FILE024.PDS, moved to PDS/XFERVOL
2025-04-04 02:12:18.518817 - Found XFERWTO.txt (text/plain) in CBT.V508.FILE024.PDS, moved to PDS/XFERWTO
2025-04-04 02:12:18.518928 - Found XFER1.txt (text/plain) in CBT.V508.FILE024.PDS, moved to PDS/XFER1
2025-04-04 02:12:18.519041 - Found XFER2.txt (text/plain) in CBT.V508.FILE024.PDS, moved to PDS/XFER2
2025-04-04 02:12:18.519152 - Found XFR1DUMP.txt (text/plain) in CBT.V508.FILE024.PDS, moved to PDS/XFR1DUMP
2025-04-04 02:12:18.519263 - Found XFR2DUMP.txt (text/plain) in CBT.V508.FILE024.PDS, moved to PDS/XFR2DUMP
2025-04-04 02:12:18.519380 - Found XIX.txt (text/plain) in CBT.V508.FILE024.PDS, moved to PDS/XIX
2025-04-04 02:12:18.519492 - Found XIXHELP.txt (text/plain) in CBT.V508.FILE024.PDS, moved to PDS/XIXHELP
